<?xml version="1.0" encoding="UTF-8"?>
<testng-results skipped="0" failed="0" total="1" passed="1">
  <reporter-output>
  </reporter-output>
  <suite name="Default suite" duration-ms="52705" started-at="2020-04-17T05:37:50Z" finished-at="2020-04-17T05:38:42Z">
    <groups>
    </groups>
    <test name="Default test" duration-ms="52705" started-at="2020-04-17T05:37:50Z" finished-at="2020-04-17T05:38:42Z">
      <class name="com.training.sanity.tests.UNFTests051">
        <test-method status="PASS" signature="setUpBeforeClass()[pri:0, instance:com.training.sanity.tests.UNFTests051@47f37ef1]" name="setUpBeforeClass" is-config="true" duration-ms="14550" started-at="2020-04-17T11:07:50Z" finished-at="2020-04-17T11:08:04Z">
          <reporter-output>
          </reporter-output>
        </test-method> <!-- setUpBeforeClass -->
        <test-method status="PASS" signature="setUp()[pri:0, instance:com.training.sanity.tests.UNFTests051@47f37ef1]" name="setUp" is-config="true" duration-ms="1" started-at="2020-04-17T11:08:04Z" finished-at="2020-04-17T11:08:04Z">
          <reporter-output>
          </reporter-output>
        </test-method> <!-- setUp -->
        <test-method status="PASS" signature="validLoginTest()[pri:0, instance:com.training.sanity.tests.UNFTests051@47f37ef1]" name="validLoginTest" duration-ms="34447" started-at="2020-04-17T11:08:04Z" finished-at="2020-04-17T11:08:39Z">
          <reporter-output>
          </reporter-output>
        </test-method> <!-- validLoginTest -->
        <test-method status="PASS" signature="tearDown()[pri:0, instance:com.training.sanity.tests.UNFTests051@47f37ef1]" name="tearDown" is-config="true" duration-ms="3690" started-at="2020-04-17T11:08:39Z" finished-at="2020-04-17T11:08:42Z">
          <reporter-output>
          </reporter-output>
        </test-method> <!-- tearDown -->
      </class> <!-- com.training.sanity.tests.UNFTests051 -->
    </test> <!-- Default test -->
  </suite> <!-- Default suite -->
</testng-results>
